<?xml version="1.0" encoding="UTF-8"?>
<!-- Generated by org.testng.reporters.JUnitXMLReporter -->
<testsuite ignored="0" hostname="DESKTOP-NPK11H1" failures="2" tests="8" name="Test" time="320.455" errors="0" timestamp="2023-02-01T16:25:17 EET">
  <testcase classname="com.Luma.ShoppingCartTest.RemoveOneItemTest" name="Remove_one_item" time="49.463"/>
  <testcase classname="com.Luma.ShoppingCartTest.CheekCartEmptyTest" name="Cheek_cart_empty" time="28.057"/>
  <testcase classname="com.Luma.ShoppingCartTest.AddoneItemTest" name="Add_one_itemCart" time="71.007"/>
  <testcase classname="com.Luma.CreateAnAccountTest.CreateAnAccountTest" name="CreateAnAccount04" time="11.525"/>
  <testcase classname="com.Luma.SignInTest.CustomerLoginTest" name="CustomerLogin" time="14.358"/>
  <testcase classname="com.Luma.ShoppingCartTest.AddTwoItemTest" name="AddTwoItem" time="50.043">
    <failure type="java.lang.AssertionError" message="The following asserts failed:
	expected [2] but found [1],
	expected [92.0] but found [46.0]">
      <![CDATA[java.lang.AssertionError: The following asserts failed:
expected [2] but found [1],
expected [92.0] but found [46.0]
at com.Luma.ShoppingCartPage.AddTwoItemPage.Add_two_item(AddTwoItemPage.java:126)
at com.Luma.ShoppingCartTest.AddTwoItemTest.AddTwoItem(AddTwoItemTest.java:30)
at java.base/java.util.ArrayList.forEach(ArrayList.java:1511)
... Removed 27 stack frames]]>
    </failure>
  </testcase> <!-- AddTwoItem -->
  <testcase classname="com.Luma.ShoppingCartTest.AddItemsCartTest" name="Add_items_cart" time="60.152">
    <failure type="java.lang.AssertionError" message="The following asserts failed:
	expected [5] but found [3]">
      <![CDATA[java.lang.AssertionError: The following asserts failed:
expected [5] but found [3]
at com.Luma.ShoppingCartPage.AddItemsCartPage.AddItemsCart(AddItemsCartPage.java:87)
at com.Luma.ShoppingCartTest.AddItemsCartTest.Add_items_cart(AddItemsCartTest.java:31)
at java.base/java.util.ArrayList.forEach(ArrayList.java:1511)
... Removed 27 stack frames]]>
    </failure>
  </testcase> <!-- Add_items_cart -->
  <testcase classname="com.Luma.SearchEntireStoreTest.SearchTest" name="EasyApply" time="6.768"/>
</testsuite> <!-- Test -->
