<html>
<head>
<title>TestNG:  Test</title>
<link href="../testng.css" rel="stylesheet" type="text/css" />
<link href="../my-testng.css" rel="stylesheet" type="text/css" />

<style type="text/css">
.log { display: none;} 
.stack-trace { display: none;} 
</style>
<script type="text/javascript">
<!--
function flip(e) {
  current = e.style.display;
  if (current == 'block') {
    e.style.display = 'none';
    return 0;
  }
  else {
    e.style.display = 'block';
    return 1;
  }
}

function toggleBox(szDivId, elem, msg1, msg2)
{
  var res = -1;  if (document.getElementById) {
    res = flip(document.getElementById(szDivId));
  }
  else if (document.all) {
    // this is the way old msie versions work
    res = flip(document.all[szDivId]);
  }
  if(elem) {
    if(res == 0) elem.innerHTML = msg1; else elem.innerHTML = msg2;
  }

}

function toggleAllBoxes() {
  if (document.getElementsByTagName) {
    d = document.getElementsByTagName('div');
    for (i = 0; i < d.length; i++) {
      if (d[i].className == 'log') {
        flip(d[i]);
      }
    }
  }
}

// -->
</script>

</head>
<body>
<h2 align='center'>Test</h2><table border='1' align="center">
<tr>
<td>Tests passed/Failed/Skipped:</td><td>6/2/0</td>
</tr><tr>
<td>Started on:</td><td>Wed Feb 01 16:19:57 EET 2023</td>
</tr>
<tr><td>Total time:</td><td>320 seconds (320455 ms)</td>
</tr><tr>
<td>Included groups:</td><td></td>
</tr><tr>
<td>Excluded groups:</td><td></td>
</tr>
</table><p/>
<small><i>(Hover the method name to see the test class name)</i></small><p/>
<table width='100%' border='1' class='invocation-failed'>
<tr><td colspan='4' align='center'><b>FAILED TESTS</b></td></tr>
<tr><td><b>Test method</b></td>
<td width="30%"><b>Exception</b></td>
<td width="10%"><b>Time (seconds)</b></td>
<td><b>Instance</b></td>
</tr>
<tr>
<td title='com.Luma.ShoppingCartTest.AddTwoItemTest.AddTwoItem()'><b>AddTwoItem</b><br>Test class: com.Luma.ShoppingCartTest.AddTwoItemTest</td>
<td><div><pre>java.lang.AssertionError: The following asserts failed:
	expected [2] but found [1],
	expected [92.0] but found [46.0]
	at com.Luma.ShoppingCartPage.AddTwoItemPage.Add_two_item(AddTwoItemPage.java:126)
	at com.Luma.ShoppingCartTest.AddTwoItemTest.AddTwoItem(AddTwoItemTest.java:30)
	at java.base/java.util.ArrayList.forEach(ArrayList.java:1511)
... Removed 27 stack frames</pre></div><a href='#' onClick='toggleBox("stack-trace1482910544", this, "Click to show all stack frames", "Click to hide stack frames")'>Click to show all stack frames</a>
<div class='stack-trace' id='stack-trace1482910544'><pre>java.lang.AssertionError: The following asserts failed:
	expected [2] but found [1],
	expected [92.0] but found [46.0]
	at org.testng.asserts.SoftAssert.assertAll(SoftAssert.java:47)
	at org.testng.asserts.SoftAssert.assertAll(SoftAssert.java:31)
	at com.Luma.ShoppingCartPage.AddTwoItemPage.Add_two_item(AddTwoItemPage.java:126)
	at com.Luma.ShoppingCartTest.AddTwoItemTest.AddTwoItem(AddTwoItemTest.java:30)
	at java.base/jdk.internal.reflect.DirectMethodHandleAccessor.invoke(DirectMethodHandleAccessor.java:104)
	at java.base/java.lang.reflect.Method.invoke(Method.java:578)
	at org.testng.internal.MethodInvocationHelper.invokeMethod(MethodInvocationHelper.java:134)
	at org.testng.internal.TestInvoker.invokeMethod(TestInvoker.java:597)
	at org.testng.internal.TestInvoker.invokeTestMethod(TestInvoker.java:173)
	at org.testng.internal.MethodRunner.runInSequence(MethodRunner.java:46)
	at org.testng.internal.TestInvoker$MethodInvocationAgent.invoke(TestInvoker.java:816)
	at org.testng.internal.TestInvoker.invokeTestMethods(TestInvoker.java:146)
	at org.testng.internal.TestMethodWorker.invokeTestMethods(TestMethodWorker.java:146)
	at org.testng.internal.TestMethodWorker.run(TestMethodWorker.java:128)
	at java.base/java.util.ArrayList.forEach(ArrayList.java:1511)
	at org.testng.TestRunner.privateRun(TestRunner.java:766)
	at org.testng.TestRunner.run(TestRunner.java:587)
	at org.testng.SuiteRunner.runTest(SuiteRunner.java:384)
	at org.testng.SuiteRunner.runSequentially(SuiteRunner.java:378)
	at org.testng.SuiteRunner.privateRun(SuiteRunner.java:337)
	at org.testng.SuiteRunner.run(SuiteRunner.java:286)
	at org.testng.SuiteRunnerWorker.runSuite(SuiteRunnerWorker.java:53)
	at org.testng.SuiteRunnerWorker.run(SuiteRunnerWorker.java:96)
	at org.testng.TestNG.runSuitesSequentially(TestNG.java:1187)
	at org.testng.TestNG.runSuitesLocally(TestNG.java:1109)
	at org.testng.TestNG.runSuites(TestNG.java:1039)
	at org.testng.TestNG.run(TestNG.java:1007)
	at org.testng.remote.AbstractRemoteTestNG.run(AbstractRemoteTestNG.java:115)
	at org.testng.remote.RemoteTestNG.initAndRun(RemoteTestNG.java:251)
	at org.testng.remote.RemoteTestNG.main(RemoteTestNG.java:77)
</pre></div></td>
<td>50</td>
<td>com.Luma.ShoppingCartTest.AddTwoItemTest@750e2b97</td></tr>
<tr>
<td title='com.Luma.ShoppingCartTest.AddItemsCartTest.Add_items_cart()'><b>Add_items_cart</b><br>Test class: com.Luma.ShoppingCartTest.AddItemsCartTest</td>
<td><div><pre>java.lang.AssertionError: The following asserts failed:
	expected [5] but found [3]
	at com.Luma.ShoppingCartPage.AddItemsCartPage.AddItemsCart(AddItemsCartPage.java:87)
	at com.Luma.ShoppingCartTest.AddItemsCartTest.Add_items_cart(AddItemsCartTest.java:31)
	at java.base/java.util.ArrayList.forEach(ArrayList.java:1511)
... Removed 27 stack frames</pre></div><a href='#' onClick='toggleBox("stack-trace86339516", this, "Click to show all stack frames", "Click to hide stack frames")'>Click to show all stack frames</a>
<div class='stack-trace' id='stack-trace86339516'><pre>java.lang.AssertionError: The following asserts failed:
	expected [5] but found [3]
	at org.testng.asserts.SoftAssert.assertAll(SoftAssert.java:47)
	at org.testng.asserts.SoftAssert.assertAll(SoftAssert.java:31)
	at com.Luma.ShoppingCartPage.AddItemsCartPage.AddItemsCart(AddItemsCartPage.java:87)
	at com.Luma.ShoppingCartTest.AddItemsCartTest.Add_items_cart(AddItemsCartTest.java:31)
	at java.base/jdk.internal.reflect.DirectMethodHandleAccessor.invoke(DirectMethodHandleAccessor.java:104)
	at java.base/java.lang.reflect.Method.invoke(Method.java:578)
	at org.testng.internal.MethodInvocationHelper.invokeMethod(MethodInvocationHelper.java:134)
	at org.testng.internal.TestInvoker.invokeMethod(TestInvoker.java:597)
	at org.testng.internal.TestInvoker.invokeTestMethod(TestInvoker.java:173)
	at org.testng.internal.MethodRunner.runInSequence(MethodRunner.java:46)
	at org.testng.internal.TestInvoker$MethodInvocationAgent.invoke(TestInvoker.java:816)
	at org.testng.internal.TestInvoker.invokeTestMethods(TestInvoker.java:146)
	at org.testng.internal.TestMethodWorker.invokeTestMethods(TestMethodWorker.java:146)
	at org.testng.internal.TestMethodWorker.run(TestMethodWorker.java:128)
	at java.base/java.util.ArrayList.forEach(ArrayList.java:1511)
	at org.testng.TestRunner.privateRun(TestRunner.java:766)
	at org.testng.TestRunner.run(TestRunner.java:587)
	at org.testng.SuiteRunner.runTest(SuiteRunner.java:384)
	at org.testng.SuiteRunner.runSequentially(SuiteRunner.java:378)
	at org.testng.SuiteRunner.privateRun(SuiteRunner.java:337)
	at org.testng.SuiteRunner.run(SuiteRunner.java:286)
	at org.testng.SuiteRunnerWorker.runSuite(SuiteRunnerWorker.java:53)
	at org.testng.SuiteRunnerWorker.run(SuiteRunnerWorker.java:96)
	at org.testng.TestNG.runSuitesSequentially(TestNG.java:1187)
	at org.testng.TestNG.runSuitesLocally(TestNG.java:1109)
	at org.testng.TestNG.runSuites(TestNG.java:1039)
	at org.testng.TestNG.run(TestNG.java:1007)
	at org.testng.remote.AbstractRemoteTestNG.run(AbstractRemoteTestNG.java:115)
	at org.testng.remote.RemoteTestNG.initAndRun(RemoteTestNG.java:251)
	at org.testng.remote.RemoteTestNG.main(RemoteTestNG.java:77)
</pre></div></td>
<td>60</td>
<td>com.Luma.ShoppingCartTest.AddItemsCartTest@3e27aa33</td></tr>
</table><p>
<table width='100%' border='1' class='invocation-passed'>
<tr><td colspan='4' align='center'><b>PASSED TESTS</b></td></tr>
<tr><td><b>Test method</b></td>
<td width="30%"><b>Exception</b></td>
<td width="10%"><b>Time (seconds)</b></td>
<td><b>Instance</b></td>
</tr>
<tr>
<td title='com.Luma.ShoppingCartTest.AddoneItemTest.Add_one_itemCart()'><b>Add_one_itemCart</b><br>Test class: com.Luma.ShoppingCartTest.AddoneItemTest</td>
<td></td>
<td>71</td>
<td>com.Luma.ShoppingCartTest.AddoneItemTest@2892d68</td></tr>
<tr>
<td title='com.Luma.ShoppingCartTest.CheekCartEmptyTest.Cheek_cart_empty()'><b>Cheek_cart_empty</b><br>Test class: com.Luma.ShoppingCartTest.CheekCartEmptyTest</td>
<td></td>
<td>28</td>
<td>com.Luma.ShoppingCartTest.CheekCartEmptyTest@d86a6f</td></tr>
<tr>
<td title='com.Luma.CreateAnAccountTest.CreateAnAccountTest.CreateAnAccount04()'><b>CreateAnAccount04</b><br>Test class: com.Luma.CreateAnAccountTest.CreateAnAccountTest</td>
<td></td>
<td>11</td>
<td>com.Luma.CreateAnAccountTest.CreateAnAccountTest@5ab956d7</td></tr>
<tr>
<td title='com.Luma.SignInTest.CustomerLoginTest.CustomerLogin()'><b>CustomerLogin</b><br>Test class: com.Luma.SignInTest.CustomerLoginTest</td>
<td></td>
<td>14</td>
<td>com.Luma.SignInTest.CustomerLoginTest@3646a422</td></tr>
<tr>
<td title='com.Luma.SearchEntireStoreTest.SearchTest.EasyApply()'><b>EasyApply</b><br>Test class: com.Luma.SearchEntireStoreTest.SearchTest</td>
<td></td>
<td>6</td>
<td>com.Luma.SearchEntireStoreTest.SearchTest@2e385cce</td></tr>
<tr>
<td title='com.Luma.ShoppingCartTest.RemoveOneItemTest.Remove_one_item()'><b>Remove_one_item</b><br>Test class: com.Luma.ShoppingCartTest.RemoveOneItemTest</td>
<td></td>
<td>49</td>
<td>com.Luma.ShoppingCartTest.RemoveOneItemTest@4145bad8</td></tr>
</table><p>
</body>
</html>