<?xml version="1.0" encoding="UTF-8"?>
<testng-results ignored="0" total="12" passed="8" failed="4" skipped="0">
  <reporter-output>
  </reporter-output>
  <suite started-at="2023-02-17T18:38:54 EET" name="Default suite" finished-at="2023-02-17T18:44:06 EET" duration-ms="311692">
    <groups>
    </groups>
    <test started-at="2023-02-17T18:38:54 EET" name="Default test" finished-at="2023-02-17T18:44:06 EET" duration-ms="311692">
      <class name="com.Luma.WhatIsNewTest.WomnPantsTest">
        <test-method is-config="true" signature="OpenPage()[pri:0, instance:com.Luma.WhatIsNewTest.WomnPantsTest@47d90b9e]" started-at="2023-02-17T18:38:54 EET" name="OpenPage" finished-at="2023-02-17T18:39:00 EET" duration-ms="5419" status="PASS">
          <reporter-output>
          </reporter-output>
        </test-method> <!-- OpenPage -->
        <test-method signature="PantsPage()[pri:1, instance:com.Luma.WhatIsNewTest.WomnPantsTest@47d90b9e]" started-at="2023-02-17T18:39:00 EET" name="PantsPage" finished-at="2023-02-17T18:39:07 EET" duration-ms="6962" status="FAIL">
          <exception class="java.lang.AssertionError">
            <message>
              <![CDATA[The following asserts failed:
check All the items displayed contains Hoodies or Sweatshirt . expected [true] but found [false]]]>
            </message>
            <full-stacktrace>
              <![CDATA[java.lang.AssertionError: The following asserts failed:
check All the items displayed contains Hoodies or Sweatshirt . expected [true] but found [false]
at org.testng.asserts.SoftAssert.assertAll(SoftAssert.java:47)
at org.testng.asserts.SoftAssert.assertAll(SoftAssert.java:31)
at com.Luma.WhatIsNewPage.WomnPantsPage.PantsPage(WomnPantsPage.java:134)
at com.Luma.WhatIsNewTest.WomnPantsTest.PantsPage(WomnPantsTest.java:31)
at java.base/jdk.internal.reflect.DirectMethodHandleAccessor.invoke(DirectMethodHandleAccessor.java:104)
at java.base/java.lang.reflect.Method.invoke(Method.java:578)
at org.testng.internal.MethodInvocationHelper.invokeMethod(MethodInvocationHelper.java:134)
at org.testng.internal.TestInvoker.invokeMethod(TestInvoker.java:597)
at org.testng.internal.TestInvoker.invokeTestMethod(TestInvoker.java:173)
at org.testng.internal.MethodRunner.runInSequence(MethodRunner.java:46)
at org.testng.internal.TestInvoker$MethodInvocationAgent.invoke(TestInvoker.java:816)
at org.testng.internal.TestInvoker.invokeTestMethods(TestInvoker.java:146)
at org.testng.internal.TestMethodWorker.invokeTestMethods(TestMethodWorker.java:146)
at org.testng.internal.TestMethodWorker.run(TestMethodWorker.java:128)
at java.base/java.util.ArrayList.forEach(ArrayList.java:1511)
at org.testng.TestRunner.privateRun(TestRunner.java:766)
at org.testng.TestRunner.run(TestRunner.java:587)
at org.testng.SuiteRunner.runTest(SuiteRunner.java:384)
at org.testng.SuiteRunner.runSequentially(SuiteRunner.java:378)
at org.testng.SuiteRunner.privateRun(SuiteRunner.java:337)
at org.testng.SuiteRunner.run(SuiteRunner.java:286)
at org.testng.SuiteRunnerWorker.runSuite(SuiteRunnerWorker.java:53)
at org.testng.SuiteRunnerWorker.run(SuiteRunnerWorker.java:96)
at org.testng.TestNG.runSuitesSequentially(TestNG.java:1187)
at org.testng.TestNG.runSuitesLocally(TestNG.java:1109)
at org.testng.TestNG.runSuites(TestNG.java:1039)
at org.testng.TestNG.run(TestNG.java:1007)
at org.testng.remote.AbstractRemoteTestNG.run(AbstractRemoteTestNG.java:115)
at org.testng.remote.RemoteTestNG.initAndRun(RemoteTestNG.java:251)
at org.testng.remote.RemoteTestNG.main(RemoteTestNG.java:77)
]]>
            </full-stacktrace>
          </exception> <!-- java.lang.AssertionError -->
          <reporter-output>
          </reporter-output>
        </test-method> <!-- PantsPage -->
        <test-method is-config="true" signature="Clouser()[pri:0, instance:com.Luma.WhatIsNewTest.WomnPantsTest@47d90b9e]" started-at="2023-02-17T18:39:07 EET" name="Clouser" finished-at="2023-02-17T18:39:07 EET" duration-ms="0" status="PASS">
          <reporter-output>
          </reporter-output>
        </test-method> <!-- Clouser -->
        <test-method is-config="true" signature="OpenPage()[pri:0, instance:com.Luma.WhatIsNewTest.WomnPantsTest@47d90b9e]" started-at="2023-02-17T18:39:07 EET" name="OpenPage" finished-at="2023-02-17T18:39:11 EET" duration-ms="4351" status="PASS">
          <reporter-output>
          </reporter-output>
        </test-method> <!-- OpenPage -->
        <test-method signature="OptionSTYLE()[pri:2, instance:com.Luma.WhatIsNewTest.WomnPantsTest@47d90b9e]" started-at="2023-02-17T18:39:11 EET" name="OptionSTYLE" finished-at="2023-02-17T18:39:19 EET" duration-ms="7627" status="FAIL">
          <exception class="java.lang.AssertionError">
            <message>
              <![CDATA[The following asserts failed:
check All the items displayed contains STYLE Capri . expected [true] but found [false]]]>
            </message>
            <full-stacktrace>
              <![CDATA[java.lang.AssertionError: The following asserts failed:
check All the items displayed contains STYLE Capri . expected [true] but found [false]
at org.testng.asserts.SoftAssert.assertAll(SoftAssert.java:47)
at org.testng.asserts.SoftAssert.assertAll(SoftAssert.java:31)
at com.Luma.WhatIsNewPage.WomnPantsPage.CheckSTYLE(WomnPantsPage.java:149)
at com.Luma.WhatIsNewTest.WomnPantsTest.OptionSTYLE(WomnPantsTest.java:38)
at java.base/jdk.internal.reflect.DirectMethodHandleAccessor.invoke(DirectMethodHandleAccessor.java:104)
at java.base/java.lang.reflect.Method.invoke(Method.java:578)
at org.testng.internal.MethodInvocationHelper.invokeMethod(MethodInvocationHelper.java:134)
at org.testng.internal.TestInvoker.invokeMethod(TestInvoker.java:597)
at org.testng.internal.TestInvoker.invokeTestMethod(TestInvoker.java:173)
at org.testng.internal.MethodRunner.runInSequence(MethodRunner.java:46)
at org.testng.internal.TestInvoker$MethodInvocationAgent.invoke(TestInvoker.java:816)
at org.testng.internal.TestInvoker.invokeTestMethods(TestInvoker.java:146)
at org.testng.internal.TestMethodWorker.invokeTestMethods(TestMethodWorker.java:146)
at org.testng.internal.TestMethodWorker.run(TestMethodWorker.java:128)
at java.base/java.util.ArrayList.forEach(ArrayList.java:1511)
at org.testng.TestRunner.privateRun(TestRunner.java:766)
at org.testng.TestRunner.run(TestRunner.java:587)
at org.testng.SuiteRunner.runTest(SuiteRunner.java:384)
at org.testng.SuiteRunner.runSequentially(SuiteRunner.java:378)
at org.testng.SuiteRunner.privateRun(SuiteRunner.java:337)
at org.testng.SuiteRunner.run(SuiteRunner.java:286)
at org.testng.SuiteRunnerWorker.runSuite(SuiteRunnerWorker.java:53)
at org.testng.SuiteRunnerWorker.run(SuiteRunnerWorker.java:96)
at org.testng.TestNG.runSuitesSequentially(TestNG.java:1187)
at org.testng.TestNG.runSuitesLocally(TestNG.java:1109)
at org.testng.TestNG.runSuites(TestNG.java:1039)
at org.testng.TestNG.run(TestNG.java:1007)
at org.testng.remote.AbstractRemoteTestNG.run(AbstractRemoteTestNG.java:115)
at org.testng.remote.RemoteTestNG.initAndRun(RemoteTestNG.java:251)
at org.testng.remote.RemoteTestNG.main(RemoteTestNG.java:77)
]]>
            </full-stacktrace>
          </exception> <!-- java.lang.AssertionError -->
          <reporter-output>
          </reporter-output>
        </test-method> <!-- OptionSTYLE -->
        <test-method is-config="true" signature="Clouser()[pri:0, instance:com.Luma.WhatIsNewTest.WomnPantsTest@47d90b9e]" started-at="2023-02-17T18:39:19 EET" name="Clouser" finished-at="2023-02-17T18:39:19 EET" duration-ms="0" status="PASS">
          <reporter-output>
          </reporter-output>
        </test-method> <!-- Clouser -->
        <test-method is-config="true" signature="OpenPage()[pri:0, instance:com.Luma.WhatIsNewTest.WomnPantsTest@47d90b9e]" started-at="2023-02-17T18:39:19 EET" name="OpenPage" finished-at="2023-02-17T18:39:25 EET" duration-ms="6381" status="PASS">
          <reporter-output>
          </reporter-output>
        </test-method> <!-- OpenPage -->
        <test-method signature="OptionSTYLE2()[pri:3, instance:com.Luma.WhatIsNewTest.WomnPantsTest@47d90b9e]" started-at="2023-02-17T18:39:25 EET" name="OptionSTYLE2" finished-at="2023-02-17T18:39:35 EET" duration-ms="9676" status="FAIL">
          <exception class="java.lang.AssertionError">
            <message>
              <![CDATA[The following asserts failed:
check All the items displayed contains STYLE Leggings . expected [true] but found [false]]]>
            </message>
            <full-stacktrace>
              <![CDATA[java.lang.AssertionError: The following asserts failed:
check All the items displayed contains STYLE Leggings . expected [true] but found [false]
at org.testng.asserts.SoftAssert.assertAll(SoftAssert.java:47)
at org.testng.asserts.SoftAssert.assertAll(SoftAssert.java:31)
at com.Luma.WhatIsNewPage.WomnPantsPage.CheckSTYLE2(WomnPantsPage.java:164)
at com.Luma.WhatIsNewTest.WomnPantsTest.OptionSTYLE2(WomnPantsTest.java:46)
at java.base/jdk.internal.reflect.DirectMethodHandleAccessor.invoke(DirectMethodHandleAccessor.java:104)
at java.base/java.lang.reflect.Method.invoke(Method.java:578)
at org.testng.internal.MethodInvocationHelper.invokeMethod(MethodInvocationHelper.java:134)
at org.testng.internal.TestInvoker.invokeMethod(TestInvoker.java:597)
at org.testng.internal.TestInvoker.invokeTestMethod(TestInvoker.java:173)
at org.testng.internal.MethodRunner.runInSequence(MethodRunner.java:46)
at org.testng.internal.TestInvoker$MethodInvocationAgent.invoke(TestInvoker.java:816)
at org.testng.internal.TestInvoker.invokeTestMethods(TestInvoker.java:146)
at org.testng.internal.TestMethodWorker.invokeTestMethods(TestMethodWorker.java:146)
at org.testng.internal.TestMethodWorker.run(TestMethodWorker.java:128)
at java.base/java.util.ArrayList.forEach(ArrayList.java:1511)
at org.testng.TestRunner.privateRun(TestRunner.java:766)
at org.testng.TestRunner.run(TestRunner.java:587)
at org.testng.SuiteRunner.runTest(SuiteRunner.java:384)
at org.testng.SuiteRunner.runSequentially(SuiteRunner.java:378)
at org.testng.SuiteRunner.privateRun(SuiteRunner.java:337)
at org.testng.SuiteRunner.run(SuiteRunner.java:286)
at org.testng.SuiteRunnerWorker.runSuite(SuiteRunnerWorker.java:53)
at org.testng.SuiteRunnerWorker.run(SuiteRunnerWorker.java:96)
at org.testng.TestNG.runSuitesSequentially(TestNG.java:1187)
at org.testng.TestNG.runSuitesLocally(TestNG.java:1109)
at org.testng.TestNG.runSuites(TestNG.java:1039)
at org.testng.TestNG.run(TestNG.java:1007)
at org.testng.remote.AbstractRemoteTestNG.run(AbstractRemoteTestNG.java:115)
at org.testng.remote.RemoteTestNG.initAndRun(RemoteTestNG.java:251)
at org.testng.remote.RemoteTestNG.main(RemoteTestNG.java:77)
]]>
            </full-stacktrace>
          </exception> <!-- java.lang.AssertionError -->
          <reporter-output>
          </reporter-output>
        </test-method> <!-- OptionSTYLE2 -->
        <test-method is-config="true" signature="Clouser()[pri:0, instance:com.Luma.WhatIsNewTest.WomnPantsTest@47d90b9e]" started-at="2023-02-17T18:39:35 EET" name="Clouser" finished-at="2023-02-17T18:39:35 EET" duration-ms="0" status="PASS">
          <reporter-output>
          </reporter-output>
        </test-method> <!-- Clouser -->
        <test-method is-config="true" signature="OpenPage()[pri:0, instance:com.Luma.WhatIsNewTest.WomnPantsTest@47d90b9e]" started-at="2023-02-17T18:39:35 EET" name="OpenPage" finished-at="2023-02-17T18:39:40 EET" duration-ms="4987" status="PASS">
          <reporter-output>
          </reporter-output>
        </test-method> <!-- OpenPage -->
        <test-method signature="OptionSize()[pri:4, instance:com.Luma.WhatIsNewTest.WomnPantsTest@47d90b9e]" started-at="2023-02-17T18:39:40 EET" name="OptionSize" finished-at="2023-02-17T18:40:03 EET" duration-ms="23136" status="PASS">
          <reporter-output>
          </reporter-output>
        </test-method> <!-- OptionSize -->
        <test-method is-config="true" signature="OpenPage()[pri:0, instance:com.Luma.WhatIsNewTest.WomnPantsTest@47d90b9e]" started-at="2023-02-17T18:40:03 EET" name="OpenPage" finished-at="2023-02-17T18:41:03 EET" duration-ms="59768" status="PASS">
          <reporter-output>
          </reporter-output>
        </test-method> <!-- OpenPage -->
        <test-method is-config="true" signature="Clouser()[pri:0, instance:com.Luma.WhatIsNewTest.WomnPantsTest@47d90b9e]" started-at="2023-02-17T18:40:03 EET" name="Clouser" finished-at="2023-02-17T18:40:03 EET" duration-ms="0" status="PASS">
          <reporter-output>
          </reporter-output>
        </test-method> <!-- Clouser -->
        <test-method signature="OptionPrice()[pri:5, instance:com.Luma.WhatIsNewTest.WomnPantsTest@47d90b9e]" started-at="2023-02-17T18:41:03 EET" name="OptionPrice" finished-at="2023-02-17T18:41:37 EET" duration-ms="34778" status="FAIL">
          <exception class="java.lang.AssertionError">
            <message>
              <![CDATA[The following asserts failed:
check All the items displayed price between $30.00 - $39.99 . expected [true] but found [false]]]>
            </message>
            <full-stacktrace>
              <![CDATA[java.lang.AssertionError: The following asserts failed:
check All the items displayed price between $30.00 - $39.99 . expected [true] but found [false]
at org.testng.asserts.SoftAssert.assertAll(SoftAssert.java:47)
at org.testng.asserts.SoftAssert.assertAll(SoftAssert.java:31)
at com.Luma.WhatIsNewPage.WomnPantsPage.CheckPrice(WomnPantsPage.java:207)
at com.Luma.WhatIsNewTest.WomnPantsTest.OptionPrice(WomnPantsTest.java:62)
at java.base/jdk.internal.reflect.DirectMethodHandleAccessor.invoke(DirectMethodHandleAccessor.java:104)
at java.base/java.lang.reflect.Method.invoke(Method.java:578)
at org.testng.internal.MethodInvocationHelper.invokeMethod(MethodInvocationHelper.java:134)
at org.testng.internal.TestInvoker.invokeMethod(TestInvoker.java:597)
at org.testng.internal.TestInvoker.invokeTestMethod(TestInvoker.java:173)
at org.testng.internal.MethodRunner.runInSequence(MethodRunner.java:46)
at org.testng.internal.TestInvoker$MethodInvocationAgent.invoke(TestInvoker.java:816)
at org.testng.internal.TestInvoker.invokeTestMethods(TestInvoker.java:146)
at org.testng.internal.TestMethodWorker.invokeTestMethods(TestMethodWorker.java:146)
at org.testng.internal.TestMethodWorker.run(TestMethodWorker.java:128)
at java.base/java.util.ArrayList.forEach(ArrayList.java:1511)
at org.testng.TestRunner.privateRun(TestRunner.java:766)
at org.testng.TestRunner.run(TestRunner.java:587)
at org.testng.SuiteRunner.runTest(SuiteRunner.java:384)
at org.testng.SuiteRunner.runSequentially(SuiteRunner.java:378)
at org.testng.SuiteRunner.privateRun(SuiteRunner.java:337)
at org.testng.SuiteRunner.run(SuiteRunner.java:286)
at org.testng.SuiteRunnerWorker.runSuite(SuiteRunnerWorker.java:53)
at org.testng.SuiteRunnerWorker.run(SuiteRunnerWorker.java:96)
at org.testng.TestNG.runSuitesSequentially(TestNG.java:1187)
at org.testng.TestNG.runSuitesLocally(TestNG.java:1109)
at org.testng.TestNG.runSuites(TestNG.java:1039)
at org.testng.TestNG.run(TestNG.java:1007)
at org.testng.remote.AbstractRemoteTestNG.run(AbstractRemoteTestNG.java:115)
at org.testng.remote.RemoteTestNG.initAndRun(RemoteTestNG.java:251)
at org.testng.remote.RemoteTestNG.main(RemoteTestNG.java:77)
]]>
            </full-stacktrace>
          </exception> <!-- java.lang.AssertionError -->
          <reporter-output>
          </reporter-output>
        </test-method> <!-- OptionPrice -->
        <test-method is-config="true" signature="Clouser()[pri:0, instance:com.Luma.WhatIsNewTest.WomnPantsTest@47d90b9e]" started-at="2023-02-17T18:41:37 EET" name="Clouser" finished-at="2023-02-17T18:41:37 EET" duration-ms="1" status="PASS">
          <reporter-output>
          </reporter-output>
        </test-method> <!-- Clouser -->
        <test-method is-config="true" signature="OpenPage()[pri:0, instance:com.Luma.WhatIsNewTest.WomnPantsTest@47d90b9e]" started-at="2023-02-17T18:41:37 EET" name="OpenPage" finished-at="2023-02-17T18:41:41 EET" duration-ms="4131" status="PASS">
          <reporter-output>
          </reporter-output>
        </test-method> <!-- OpenPage -->
        <test-method signature="OptionColor()[pri:6, instance:com.Luma.WhatIsNewTest.WomnPantsTest@47d90b9e]" started-at="2023-02-17T18:41:41 EET" name="OptionColor" finished-at="2023-02-17T18:41:54 EET" duration-ms="12388" status="PASS">
          <reporter-output>
          </reporter-output>
        </test-method> <!-- OptionColor -->
        <test-method is-config="true" signature="OpenPage()[pri:0, instance:com.Luma.WhatIsNewTest.WomnPantsTest@47d90b9e]" started-at="2023-02-17T18:41:54 EET" name="OpenPage" finished-at="2023-02-17T18:41:59 EET" duration-ms="5125" status="PASS">
          <reporter-output>
          </reporter-output>
        </test-method> <!-- OpenPage -->
        <test-method is-config="true" signature="Clouser()[pri:0, instance:com.Luma.WhatIsNewTest.WomnPantsTest@47d90b9e]" started-at="2023-02-17T18:41:54 EET" name="Clouser" finished-at="2023-02-17T18:41:54 EET" duration-ms="0" status="PASS">
          <reporter-output>
          </reporter-output>
        </test-method> <!-- Clouser -->
        <test-method signature="OptionMaterial()[pri:7, instance:com.Luma.WhatIsNewTest.WomnPantsTest@47d90b9e]" started-at="2023-02-17T18:41:59 EET" name="OptionMaterial" finished-at="2023-02-17T18:42:08 EET" duration-ms="8803" status="PASS">
          <reporter-output>
          </reporter-output>
        </test-method> <!-- OptionMaterial -->
        <test-method is-config="true" signature="Clouser()[pri:0, instance:com.Luma.WhatIsNewTest.WomnPantsTest@47d90b9e]" started-at="2023-02-17T18:42:08 EET" name="Clouser" finished-at="2023-02-17T18:42:08 EET" duration-ms="0" status="PASS">
          <reporter-output>
          </reporter-output>
        </test-method> <!-- Clouser -->
        <test-method is-config="true" signature="OpenPage()[pri:0, instance:com.Luma.WhatIsNewTest.WomnPantsTest@47d90b9e]" started-at="2023-02-17T18:42:08 EET" name="OpenPage" finished-at="2023-02-17T18:42:14 EET" duration-ms="5775" status="PASS">
          <reporter-output>
          </reporter-output>
        </test-method> <!-- OpenPage -->
        <test-method signature="OptionECOCOLLECTION()[pri:8, instance:com.Luma.WhatIsNewTest.WomnPantsTest@47d90b9e]" started-at="2023-02-17T18:42:14 EET" name="OptionECOCOLLECTION" finished-at="2023-02-17T18:42:26 EET" duration-ms="12656" status="PASS">
          <reporter-output>
          </reporter-output>
        </test-method> <!-- OptionECOCOLLECTION -->
        <test-method is-config="true" signature="Clouser()[pri:0, instance:com.Luma.WhatIsNewTest.WomnPantsTest@47d90b9e]" started-at="2023-02-17T18:42:26 EET" name="Clouser" finished-at="2023-02-17T18:42:26 EET" duration-ms="1" status="PASS">
          <reporter-output>
          </reporter-output>
        </test-method> <!-- Clouser -->
        <test-method is-config="true" signature="OpenPage()[pri:0, instance:com.Luma.WhatIsNewTest.WomnPantsTest@47d90b9e]" started-at="2023-02-17T18:42:26 EET" name="OpenPage" finished-at="2023-02-17T18:42:44 EET" duration-ms="17322" status="PASS">
          <reporter-output>
          </reporter-output>
        </test-method> <!-- OpenPage -->
        <test-method signature="OptionPERFORMANCEFABRIC()[pri:9, instance:com.Luma.WhatIsNewTest.WomnPantsTest@47d90b9e]" started-at="2023-02-17T18:42:44 EET" name="OptionPERFORMANCEFABRIC" finished-at="2023-02-17T18:42:54 EET" duration-ms="10385" status="PASS">
          <reporter-output>
          </reporter-output>
        </test-method> <!-- OptionPERFORMANCEFABRIC -->
        <test-method is-config="true" signature="Clouser()[pri:0, instance:com.Luma.WhatIsNewTest.WomnPantsTest@47d90b9e]" started-at="2023-02-17T18:42:54 EET" name="Clouser" finished-at="2023-02-17T18:42:54 EET" duration-ms="0" status="PASS">
          <reporter-output>
          </reporter-output>
        </test-method> <!-- Clouser -->
        <test-method is-config="true" signature="OpenPage()[pri:0, instance:com.Luma.WhatIsNewTest.WomnPantsTest@47d90b9e]" started-at="2023-02-17T18:42:54 EET" name="OpenPage" finished-at="2023-02-17T18:43:03 EET" duration-ms="9418" status="PASS">
          <reporter-output>
          </reporter-output>
        </test-method> <!-- OpenPage -->
        <test-method signature="OptionERINRECOMMENDS()[pri:10, instance:com.Luma.WhatIsNewTest.WomnPantsTest@47d90b9e]" started-at="2023-02-17T18:43:03 EET" name="OptionERINRECOMMENDS" finished-at="2023-02-17T18:43:16 EET" duration-ms="12824" status="PASS">
          <reporter-output>
          </reporter-output>
        </test-method> <!-- OptionERINRECOMMENDS -->
        <test-method is-config="true" signature="OpenPage()[pri:0, instance:com.Luma.WhatIsNewTest.WomnPantsTest@47d90b9e]" started-at="2023-02-17T18:43:16 EET" name="OpenPage" finished-at="2023-02-17T18:43:21 EET" duration-ms="4440" status="PASS">
          <reporter-output>
          </reporter-output>
        </test-method> <!-- OpenPage -->
        <test-method is-config="true" signature="Clouser()[pri:0, instance:com.Luma.WhatIsNewTest.WomnPantsTest@47d90b9e]" started-at="2023-02-17T18:43:16 EET" name="Clouser" finished-at="2023-02-17T18:43:16 EET" duration-ms="0" status="PASS">
          <reporter-output>
          </reporter-output>
        </test-method> <!-- Clouser -->
        <test-method signature="OptionSALE()[pri:11, instance:com.Luma.WhatIsNewTest.WomnPantsTest@47d90b9e]" started-at="2023-02-17T18:43:21 EET" name="OptionSALE" finished-at="2023-02-17T18:43:31 EET" duration-ms="10300" status="PASS">
          <reporter-output>
          </reporter-output>
        </test-method> <!-- OptionSALE -->
        <test-method is-config="true" signature="Clouser()[pri:0, instance:com.Luma.WhatIsNewTest.WomnPantsTest@47d90b9e]" started-at="2023-02-17T18:43:31 EET" name="Clouser" finished-at="2023-02-17T18:43:31 EET" duration-ms="0" status="PASS">
          <reporter-output>
          </reporter-output>
        </test-method> <!-- Clouser -->
        <test-method is-config="true" signature="OpenPage()[pri:0, instance:com.Luma.WhatIsNewTest.WomnPantsTest@47d90b9e]" started-at="2023-02-17T18:43:31 EET" name="OpenPage" finished-at="2023-02-17T18:43:42 EET" duration-ms="10999" status="PASS">
          <reporter-output>
          </reporter-output>
        </test-method> <!-- OpenPage -->
        <test-method signature="OptionCLIMATE()[pri:12, instance:com.Luma.WhatIsNewTest.WomnPantsTest@47d90b9e]" started-at="2023-02-17T18:43:42 EET" name="OptionCLIMATE" finished-at="2023-02-17T18:44:06 EET" duration-ms="23982" status="PASS">
          <reporter-output>
          </reporter-output>
        </test-method> <!-- OptionCLIMATE -->
        <test-method is-config="true" signature="Clouser()[pri:0, instance:com.Luma.WhatIsNewTest.WomnPantsTest@47d90b9e]" started-at="2023-02-17T18:44:06 EET" name="Clouser" finished-at="2023-02-17T18:44:06 EET" duration-ms="1" status="PASS">
          <reporter-output>
          </reporter-output>
        </test-method> <!-- Clouser -->
      </class> <!-- com.Luma.WhatIsNewTest.WomnPantsTest -->
    </test> <!-- Default test -->
  </suite> <!-- Default suite -->
</testng-results>
